Added Component: Designator=C3(RAD-0.3)
Added Component: Designator=C4(RAD-0.3)
Added Component: Designator=Ch1(HDR1X30)
Added Component: Designator=Ch2(HDR1X30)
Added Component: Designator=Ch3(HDR1X30)
Added Component: Designator=Ch4(HDR1X30)
Added Component: Designator=Ch5(HDR1X30)
Added Component: Designator=Ch6(HDR1X30)
Added Component: Designator=Ch7(HDR1X30)
Added Component: Designator=Ch8(HDR1X30)
Added Component: Designator=LCD(HDR2X7)
Added Component: Designator=Power(HDR1X5)
Added Component: Designator=R1(VR5)
Added Component: Designator=U1(DIP-40)
Added Component: Designator=U2(DIP-40)
Added Component: Designator=U3(DIP-40)
Added Component: Designator=Y2(BCY-W2/D3.1)
Added Component: Designator=keyboard(HDR2X8)
Added Net: Name=NetC3_1
Added Net: Name=NetC3_2
Added Net: Name=NetC4_2
Added Net: Name=NetCh1_3
Added Net: Name=NetCh1_4
Added Net: Name=NetCh1_7
Added Net: Name=NetCh1_8
Added Net: Name=NetCh1_9
Added Net: Name=NetCh1_13
Added Net: Name=NetCh1_14
Added Net: Name=NetCh1_19
Added Net: Name=NetCh1_20
Added Net: Name=NetCh1_21
Added Net: Name=NetCh1_22
Added Net: Name=NetCh1_23
Added Net: Name=NetCh1_24
Added Net: Name=NetCh1_25
Added Net: Name=NetCh1_26
Added Net: Name=NetCh1_27
Added Net: Name=NetCh1_28
Added Net: Name=NetCh1_29
Added Net: Name=NetCh1_30
Added Net: Name=NetCh2_7
Added Net: Name=NetCh2_8
Added Net: Name=NetCh2_9
Added Net: Name=NetCh3_7
Added Net: Name=NetCh3_8
Added Net: Name=NetCh3_9
Added Net: Name=NetCh4_8
Added Net: Name=NetCh4_9
Added Net: Name=NetCh5_7
Added Net: Name=NetCh5_8
Added Net: Name=NetCh5_9
Added Net: Name=NetCh6_7
Added Net: Name=NetCh6_9
Added Net: Name=NetCh7_7
Added Net: Name=NetCh7_8
Added Net: Name=NetCh7_9
Added Net: Name=NetCh8_7
Added Net: Name=NetCh8_8
Added Net: Name=NetLCD_3
Added Net: Name=NetLCD_4
Added Net: Name=NetLCD_6
Added Net: Name=NetLCD_11
Added Net: Name=NetLCD_12
Added Net: Name=NetLCD_14
Added Net: Name=NetU1_6
Added Net: Name=NetU1_7
Added Net: Name=NetU1_8
Added Net: Name=NetU1_14
Added Net: Name=NetU1_15
Added Net: Name=NetU2_18
Added Net: Name=NetU2_19
Added Net: Name=NetU2_20
Added Net: Name=NetU2_21
Added Net: Name=NetU2_33
Added Net: Name=NetU2_34
Added Net: Name=NetU2_35
Added Net: Name=NetU2_36
Added Net: Name=NetU2_37
Added Net: Name=NetU2_38
Added Net: Name=NetU2_39
Added Net: Name=NetU2_40
Added Class: Name=Sheet1
Added Room: Name=Sheet1
